00008000                                     1  	ORG	$8000
00008000  0002 0003 0004 0005                2  VET1	DC.W	2,3,4,5
00008008                                     3  VET2	DS.W	4
00008010  =00000004                          4  N	EQU	4
00008010                                     5  
00009000                                     6  	ORG	$9000
00009000                                     7  START:
00009000  227C 00008000                      8  	MOVEA.L	#VET1,A1	; .L in quanto Indirizzo e' una LongWord 32bit
00009006  247C 00008008                      9  	MOVEA.L	#VET2,A2 	;Potevo anche fare in entrambi i casi -> LEA	VET1,A0
0000900C  303C 0000                         10  	MOVE.W	#0,D0
00009010  B07C 0004                         11  FOR:	CMP.W	#N,D0
00009014  6C00 0010                         12  	BGE	FUORI
00009018  3491                              13  	MOVE.W	(A1),(A2)	
0000901A  D2FC 0002                         14  	ADDA.W	#2,A1
0000901E  D4FC 0002                         15  	ADDA.W	#2,A2
00009022  5240                              16  	ADD.W		#1,D0
00009024  60EA                              17  	BRA	FOR
00009026                                    18  
00009026                                    19  
00009026                                    20  FUORI:
00009026  4E72 2700                         21  	STOP #$2700 
0000902A                                    22  

No errors detected
No warnings generated
