00000000                                     1  **********************************************************
00000000                                     2  *	Sistema A - Ricevitore
00000000                                     3  ***********************************************************
00000000                                     4  * AREA DATI
00000000                                     5  ******************************************
00008000                                     6  	ORG $8000
00008000                                     7  *Variabili
00008000                                     8  MSGB	DS.L	10	; Messaggi ricevuti da B 
00008028                                     9  MSGC	DS.L	10	; Messaggi ricevuti da C
00008050  00                                10  IDXB	DC.B	0	; Offset Messaggi B
00008051  00                                11  IDXC	DC.B	0	; Offset Messaggi C
00008052  00                                12  CB	DC.B	0	; Contatore caratteri messaggio B
00008053  00                                13  CC	DC.B	0	; Contatore caratteri messaggio C
00008054  00                                14  MB	DC.B	0	; Messaggi B
00008055  00                                15  MC	DC.B	0	; Messaggi C
00008056  00                                16  TUR	DC.B	0	; Contatore Iterazioni (0 se di B, 1 se di C)
00008057  01                                17  FAS	DC.B	1	; Variabile per la fase (1 o 2)
00008058  00                                18  BSOS	DC.B	0	; Variabile per verificare se B si e' sospeso
00008059  00                                19  CSOS	DC.B	0	; Variabile per verificare se C si e' sospeso
0000805A                                    20  
0000805A                                    21  
0000805A                                    22  *Macro
0000805A  =00000004                         23  N		EQU	4
0000805A  =00000005                         24  M		EQU	5
0000805A  =00002004                         25  PIADAB	EQU	$2004
0000805A  =00002005                         26  PIACAB	EQU	$2005
0000805A  =00002008                         27  PIADAC	EQU	$2008
0000805A  =00002009                         28  PIACAC		EQU	$2009
0000805A                                    29  
0000805A                                    30  *******************************************************************	
0000805A                                    31  * AREA MAIN
0000805A                                    32  *******************************************
00008100                                    33  	ORG	$8100
00008100  4EB9 00008114                     34  MAIN	JSR	DVIN
00008106  40C0                              35  	MOVE.W	SR,D0
00008108  0240 D8FF                         36  	ANDI.W	#$D8FF,D0
0000810C  46C0                              37  	MOVE.W	D0,SR
0000810E                                    38  
0000810E                                    39  ******************************************************************
0000810E  4EF9 0000810E                     40  LOOP	JMP	LOOP
00008114                                    41  *****************************************************************
00008114                                    42  * INIZIALIZZAZIONE PIA-B E PIA-C
00008114                                    43  *****************************************
00008114  11FC 0000 2005                    44  DVIN	MOVE.B	#$00,PIACAB
0000811A  11FC 0000 2004                    45  	MOVE.B	#$00,PIADAB
00008120  11FC 0025 2005                    46  	MOVE.B	#%00100101,PIACAB
00008126  11FC 0000 2009                    47  	MOVE.B	#$00,PIACAC
0000812C  11FC 0000 2008                    48  	MOVE.B	#$00,PIADAC
00008132  11FC 0025 2009                    49  	MOVE.B	#%00100101,PIACAC
00008138  4E75                              50  	RTS
0000813A                                    51  ****************************************************************
0000813A                                    52  * Interruzione relativa a recezione caratteri da B
0000813A                                    53  ****************************************************
00008700                                    54  	ORG	$8700
00008700  48E7 F8C0                         55  INTB	MOVEM.L	D0-D4/A0-A1,-(A7)
00008704                                    56  	
00008704  1039 00008057                     57  	MOVE.B	FAS,D0	
0000870A  1839 00008056                     58  	MOVE.B	TUR,D4
00008710  B07C 0001                         59  	CMP	#1,D0
00008714  6600 00BE                         60  	BNE	F2
00008718                                    61  	
00008718  13FC 0000 00008058                62  F1	MOVE.B	#0,BSOS
00008720  13FC 0000 00008056                63  	MOVE.B	#0,TUR
00008728  207C 00008000                     64  	MOVEA.L	#MSGB,A0
0000872E  227C 00002004                     65  	MOVEA.L	#PIADAB,A1
00008734  1239 00008052                     66  	MOVE.B	CB,D1
0000873A  1439 00008054                     67  	MOVE.B	MB,D2
00008740  1639 00008050                     68  	MOVE.B	IDXB,D3
00008746                                    69  
00008746  1191 3000                         70  	MOVE.B	(A1),(A0,D3)
0000874A  5201                              71  	ADDI.B		#1,D1
0000874C  5203                              72  	ADDI.B		#1,D3
0000874E  13C1 00008052                     73  	MOVE.B	D1,CB
00008754  13C3 00008050                     74  	MOVE.B	D3,IDXB
0000875A                                    75  
0000875A  B23C 0004                         76  	CMP.B		#N,D1
0000875E  6600 012E                         77  	BNE	EOI
00008762  5202                              78  	ADDI.B		#1,D2
00008764  123C 0000                         79  	MOVE.B	#0,D1
00008768  13C1 00008052                     80  	MOVE.B	D1,CB
0000876E  13C2 00008054                     81  	MOVE.B	D2,MB
00008774                                    82  
00008774  B43C 0002                         83  	CMP.B		#2,D2
00008778  6600 0114                         84  	BNE	EOI
0000877C  103C 0002                         85  	MOVE.B	#2,D0
00008780  13C0 00008057                     86  	MOVE.B	D0,FAS
00008786  13FC 0001 00008056                87  	MOVE.B	#1,TUR
0000878E                                    88  	
0000878E  0C39 0001 00008059                89  	CMP.B		#1,CSOS
00008796  6600 00F6                         90  	BNE	EOI
0000879A  13FC 0000 00008059                91  	MOVE.B	#0,CSOS
000087A2  207C 00008028                     92  	MOVE.L	#MSGC,A0
000087A8  227C 00002008                     93  	MOVE.L	#PIADAC,A1
000087AE  1239 00008053                     94  	MOVE.B	CC,D1
000087B4  1639 00008051                     95  	MOVE.B	IDXC,D3
000087BA  1191 3000                         96  	MOVE.B	(A1),(A0,D3)
000087BE  5201                              97  	ADDI.B		#1,D1
000087C0  5203                              98  	ADDI.B		#1,D3
000087C2  13C1 00008053                     99  	MOVE.B	D1,CC
000087C8  13C3 00008051                    100  	MOVE.B	D3,IDXC
000087CE  4EF9 0000888E                    101  	JMP	EOI
000087D4                                   102  
000087D4                                   103  
000087D4  B83C 0001                        104  F2	CMP.B		#1,D4
000087D8  6700 00AC                        105  	BEQ	SEOI
000087DC  13FC 0000 00008058               106  	MOVE.B	#0,BSOS
000087E4  13FC 0000 00008056               107  	MOVE.B	#0,TUR
000087EC  207C 00008000                    108  	MOVE.L	#MSGB,A0
000087F2  227C 00002004                    109  	MOVE.L	#PIADAB,A1
000087F8  1239 00008052                    110  	MOVE.B	CB,D1
000087FE  1439 00008054                    111  	MOVE.B	MB,D2
00008804  1639 00008050                    112  	MOVE.B	IDXB,D3
0000880A                                   113  
0000880A  1191 3000                        114  	MOVE.B	(A1),(A0,D3)
0000880E  5201                             115  	ADDI.B		#1,D1
00008810  5203                             116  	ADDI.B		#1,D3
00008812  13C1 00008052                    117  	MOVE.B	D1,CB
00008818  13C3 00008050                    118  	MOVE.B	D3,IDXB
0000881E                                   119  
0000881E  B23C 0004                        120  	CMP.B		#N,D1
00008822  6600 006A                        121  	BNE	EOI
00008826  5202                             122  	ADDI.B		#1,D2
00008828  123C 0000                        123  	MOVE.B	#0,D1
0000882C  13C1 00008052                    124  	MOVE.B	D1,CB
00008832  13C2 00008054                    125  	MOVE.B	D2,MB
00008838                                   126  
00008838  13FC 0001 00008056               127  	MOVE.B	#1,TUR
00008840  0C39 0001 00008059               128  	CMP.B		#1,CSOS
00008848  6600 0044                        129  	BNE	EOI
0000884C  13FC 0000 00008059               130  	MOVE.B	#0,CSOS
00008854  207C 00008028                    131  	MOVE.L	#MSGC,A0
0000885A  227C 00002008                    132  	MOVE.L	#PIADAC,A1
00008860  1239 00008053                    133  	MOVE.B	CC,D1
00008866  1639 00008051                    134  	MOVE.B	IDXC,D3
0000886C  1191 3000                        135  	MOVE.B	(A1),(A0,D3)
00008870  5201                             136  	ADDI.B		#1,D1
00008872  5203                             137  	ADDI.B		#1,D3
00008874  13C1 00008053                    138  	MOVE.B	D1,CC
0000887A  13C3 00008051                    139  	MOVE.B	D3,IDXC
00008880  4EF9 0000888E                    140  	JMP	EOI
00008886                                   141  
00008886                                   142  
00008886  13FC 0001 00008058               143  SEOI	MOVE.B	#1,BSOS
0000888E  4CDF 031F                        144  EOI	MOVEM.L	(A7)+,D0-D4/A0-A1
00008892  4E73                             145  	RTE
00008894                                   146  
00008894                                   147  ****************************************************************
00008894                                   148  * Interruzione relativa a recezione caratteri da C
00008894                                   149  *****************************************************
00008900                                   150  	ORG	$8900
00008900  48E7 F8C0                        151  INTC	MOVEM.L	D0-D4/A0-A1,-(A7)
00008904  1039 00008057                    152  	MOVE.B	FAS,D0
0000890A  B03C 0001                        153  	CMP.B		#1,D0
0000890E  6700 00B2                        154  	BEQ	SEOI1
00008912                                   155  	
00008912  1239 00008056                    156  	MOVE.B	TUR,D1
00008918  B23C 0000                        157  	CMP.B		#0,D1
0000891C  6700 00A4                        158  	BEQ	SEOI1
00008920                                   159  	
00008920  13FC 0000 00008059               160  	MOVE.B	#0,CSOS
00008928  207C 00002008                    161  	MOVEA.L	#PIADAC,A0
0000892E  227C 00008028                    162  	MOVEA.L	#MSGC,A1
00008934  1439 00008051                    163  	MOVE.B	IDXC,D2
0000893A  1639 00008053                    164  	MOVE.B	CC,D3
00008940  1839 00008055                    165  	MOVE.B	MC,D4	
00008946                                   166  
00008946  1390 2000                        167  	MOVE.B	(A0),(A1,D2)
0000894A  5202                             168  	ADDI.B		#1,D2
0000894C  5203                             169  	ADDI.B		#1,D3
0000894E  13C3 00008053                    170  	MOVE.B	D3,CC
00008954  13C2 00008051                    171  	MOVE.B	D2,IDXC	
0000895A                                   172  	
0000895A  B63C 0004                        173  	CMP.B		#N,D3
0000895E  6600 006A                        174  	BNE	EOI1
00008962  163C 0000                        175  	MOVE.B	#0,D3
00008966  13C3 00008053                    176  	MOVE.B	D3,CC
0000896C  5204                             177  	ADDI.B		#1,D4
0000896E  13C4 00008055                    178  	MOVE.B	D4,MC
00008974                                   179  	
00008974  13FC 0000 00008056               180  	MOVE.B	#0,TUR
0000897C  0C39 0001 00008058               181  	CMP.B		#1,BSOS
00008984  6600 0044                        182  	BNE	EOI1
00008988  13FC 0000 00008058               183  	MOVE.B	#0,BSOS
00008990  207C 00008000                    184  	MOVE.L	#MSGB,A0
00008996  227C 00002004                    185  	MOVE.L	#PIADAB,A1
0000899C  1239 00008052                    186  	MOVE.B	CB,D1
000089A2  1439 00008054                    187  	MOVE.B	MB,D2
000089A8  1639 00008050                    188  	MOVE.B	IDXB,D3
000089AE                                   189  
000089AE  1191 3000                        190  	MOVE.B	(A1),(A0,D3)
000089B2  5201                             191  	ADDI.B		#1,D1
000089B4  5203                             192  	ADDI.B		#1,D3
000089B6  13C1 00008052                    193  	MOVE.B	D1,CB
000089BC  13C3 00008050                    194  	MOVE.B	D3,IDXB
000089C2                                   195  
000089C2  13FC 0001 00008059               196  SEOI1	MOVE.B	#1,CSOS
000089CA  4CDF 031F                        197  EOI1	MOVEM.L	(A7)+,D0-D4/A0-A1
000089CE  4E73                             198  	RTE
000089D0                                   199  
000089D0                                   200  	END MAIN

No errors detected
No warnings generated
