00000000                                     1  ******************************************************
00000000                                     2  *	Sistema C - Trasmettitore
00000000                                     3  ******************************************************
00008000                                     4  	ORG	$8000
00008000  00                                 5  KEEP	DC.B	0
00008001  01 02 03 04                        6  MSG	DC.B	1,2,3,4
00008005  01                                 7  IDX	DC.B	1
00008006  =00002006                          8  PIADB	EQU	$2006
00008006  =00002007                          9  PIACB	EQU	$2007
00008006  =00000004                         10  N	EQU 	4
00008006                                    11  
00008006                                    12  
00008006                                    13  *************************************************************
00008100                                    14  	ORG	$8100
00008100  4EB9 00008124                     15  MAIN	JSR		DVOUT		;Inizializzazione della PIA
00008106  40C0                              16  	MOVE.W	SR,D0
00008108  0240 D8FF                         17  	ANDI.W	#$D8FF,D0	;Smaschera interruzioni 
0000810C  46C0                              18  	MOVE.W	D0,SR
0000810E                                    19  
0000810E  227C 00008001                     20  	MOVEA.L	#MSG,A1
00008114  207C 00002006                     21  	MOVEA.L	#PIADB,A0
0000811A  1211                              22  	MOVE.B	(A1),D1		; Lettura Fittizia
0000811C  1091                              23  	MOVE.B	(A1),(A0)	; Scrittura
0000811E                                    24  *********************************************
0000811E  4EF9 0000811E                     25  LOOP	JMP	LOOP
00008124                                    26  *********************************************
00008124  11FC 0000 2007                    27  DVOUT		MOVE.B	#0,PIACB
0000812A  11FC 00FF 2006                    28  		MOVE.B	#$FF,PIADB
00008130  11FC 0025 2007                    29  		MOVE.B	#%00100101,PIACB
00008136  4E75                              30  		RTS
00008138                                    31  *********************************************************
00008700                                    32  	ORG	$8700
00008700  2F00                              33  INT	MOVE.L	D0,-(A7)
00008702  2F01                              34  	MOVE.L	D1,-(A7)
00008704  2F02                              35  	MOVE.L	D2,-(A7)
00008706  2F08                              36  	MOVE.L	A0,-(A7)
00008708  2F09                              37  	MOVE.L	A1,-(A7)
0000870A                                    38  
0000870A  207C 00002006                     39  	MOVEA.L	#PIADB,A0
00008710  227C 00008001                     40  	MOVEA.L	#MSG,A1
00008716  1039 00008005                     41  	MOVE.B	IDX,D0
0000871C                                    42  
0000871C  1439 00008000                     43  LOKE	MOVE.B	KEEP,D2
00008722  B43C 0001                         44  	CMP.B		#1,D2
00008726  67F4                              45  	BEQ	LOKE
00008728                                    46  
00008728  B03C 0004                         47  	CMP.B		#N,D0
0000872C  6600 0006                         48  	BNE	SEND
00008730  103C 0000                         49  	MOVE.B	#0,D0
00008734                                    50  
00008734  1211                              51  SEND	MOVE.B	(A1),D1		; Lettura Fittizia
00008736  10B1 0000                         52  	MOVE.B	(A1,D0),(A0)	; Scrittura
0000873A  5200                              53  	ADDI.B		#1,D0		; Incremento contatore e aggiorno
0000873C  13C0 00008005                     54  	MOVE.B	D0,IDX
00008742                                    55  
00008742  225F                              56  FIN	MOVE.L	(A7)+,A1
00008744  205F                              57  	MOVE.L	(A7)+,A0
00008746  241F                              58  	MOVE.L	(A7)+,D2
00008748  221F                              59  	MOVE.L	(A7)+,D1
0000874A  201F                              60  	MOVE.L	(A7)+,D0
0000874C                                    61  
0000874C  4E73                              62  	RTE
0000874E                                    63  
0000874E                                    64  
0000874E                                    65  
0000874E                                    66  *****************************************************
0000874E                                    67  	END	MAIN

No errors detected
No warnings generated
