00000000                                     1  **********************************************************
00000000                                     2  *	Sistema A - Ricevitore 
00000000                                     3  ***********************************************************
00000000                                     4  * AREA DATI
00000000                                     5  ******************************************
00008000                                     6  	ORG $8000
00008000                                     7  *Variabili
00008000                                     8  MSGB	DS.L	32	; Messaggi ricevuti da B		;[!!!!!!!!!!!] Implementa nel nodo A il modulo in modo che se su spera questo spazio allocato si ricomincia da capo
00008080                                     9  MSGC	DS.L	32	; Messaggi ricevuti da C
00008100  00                                10  IDXB	DC.B	0	; Offset Messaggi B
00008101  00                                11  IDXC	DC.B	0	; Offset Messaggi C
00008102  00                                12  CB	DC.B	0	; Contatore caratteri messaggio B
00008103  00                                13  CC	DC.B	0	; Contatore caratteri messaggio C
00008104  00                                14  PFXB	DC.B	0	; Prefisso messaggio di B
00008105  00                                15  PFXC	DC.B	0	; Prefisso messaggio di C
00008106  00                                16  ENDB	DC.B	0	; Messaggi per iterazione B
00008107  00                                17  ENDC	DC.B	0	; Messaggi per iterazione C
00008108  00                                18  K	DC.B	0	; Contatore Iterazioni
00008109  01                                19  FASE	DC.B	1	; Fase (1=Fase1 | 2=Fase2 | 0=Fine del programma)
0000810A  00                                20  POS	DC.B	0	; Variabile Possesso (0 libera , 1 di B, 2 di C)
0000810B  00                                21  SEM	DC.B	0	; Semaforo per controllare accesso alla variabile Possesso (POS)
0000810C  00                                22  SOSB	DC.B	0	; Flag utilizzato per verificare se B si è sospeso
0000810D  00                                23  SOSC	DC.B	0	; Flag utilizzato per verificare se C si è sospeso
0000810E                                    24  
0000810E                                    25  *Macro
0000810E  =00000003                         26  TOTK		EQU	3
0000810E  =00000004                         27  N		EQU	4
0000810E  =00002004                         28  PIADAB	EQU	$2004
0000810E  =00002005                         29  PIACAB	EQU	$2005
0000810E  =00002008                         30  PIADAC	EQU	$2008
0000810E  =00002009                         31  PIACAC		EQU	$2009
0000810E                                    32  
0000810E                                    33  *******************************************************************	
0000810E                                    34  * AREA MAIN
0000810E                                    35  *******************************************
0000810E  4EB9 00008122                     36  MAIN	JSR	DVIN
00008114  40C0                              37  	MOVE.W	SR,D0
00008116  0240 D8FF                         38  	ANDI.W	#$D8FF,D0
0000811A  46C0                              39  	MOVE.W	D0,SR
0000811C                                    40  
0000811C                                    41  ******************************************************************
0000811C  4EF9 0000811C                     42  LOOP	JMP	LOOP
00008122                                    43  *****************************************************************
00008122                                    44  * INIZIALIZZAZIONE PIA-B E PIA-C
00008122                                    45  *****************************************
00008122  11FC 0000 2005                    46  DVIN	MOVE.B	#$00,PIACAB
00008128  11FC 0000 2004                    47  	MOVE.B	#$00,PIADAB
0000812E  11FC 0025 2005                    48  	MOVE.B	#%00100101,PIACAB
00008134  11FC 0000 2009                    49  	MOVE.B	#$00,PIACAC
0000813A  11FC 0000 2008                    50  	MOVE.B	#$00,PIADAC
00008140  11FC 0025 2009                    51  	MOVE.B	#%00100101,PIACAC
00008146  4E75                              52  	RTS
00008148                                    53  ****************************************************************
00008148                                    54  * Interruzione relativa a recezione caratteri da B
00008148                                    55  ****************************************************
00008148                                    56  ** PseudoCodice Interruzione B:
00008148                                    57  ** if(Fase!=0)			//se il programma non e' terminato
00008148                                    58  ** 	if(lock=0) 					//se il lock è libero (ovvero =0) -> Verra farra in maniera atomica con il TAS
00008148                                    59  **		lock=1
00008148                                    60  ** 		if(possesso != 2 && endb!=1) 	// Quindi se possesso è di B o è libero e B non ha finito
00008148                                    61  **			possesso=1
00008148                                    62  **			lock=0
00008148                                    63  **			if(Fase=2 && caratteriB=0){
00008148                                    64  **				prefissoB=datoPIAB
00008148                                    65  **			}
00008148                                    66  **			messB+offsetB = datoPIAB
00008148                                    67  **			offsetB++
00008148                                    68  **			caratteriB++
00008148                                    69  **			if( caratteriB = N)
00008148                                    70  **				endB=1
00008148                                    71  **				if (endC=1){
00008148                                    72  **					Azzero caratteriB caratteriC endB e endC
00008148                                    73  **					if(Fase=1){
00008148                                    74  **						k++
00008148                                    75  **						if(k=totK){
00008148                                    76  **							fase=2
00008148                                    77  **						}
00008148                                    78  **					}		
00008148                                    79  **					else{
00008148                                    80  **						if(prefixC=prefixB){
00008148                                    81  **							fase=0
00008148                                    82  **						}
00008148                                    83  **					}
00008148                                    84  **				}
00008148                                    85  **				if( fase!=0 )
00008148                                    86  **					if(C sospeso){
00008148                                    87  **						possesso = 2
00008148                                    88  **						if(Fase=2 && caratteriC=0){
00008148                                    89  **							prefixC=datoPIAC
00008148                                    90  **						}
00008148                                    91  **						messC+offsetC = datoPIAC
00008148                                    92  **						offsetC++
00008148                                    93  **						caratC++	
00008148                                    94  **					}
00008148                                    95  **					else{
00008148                                    96  **						possesso = 0
00008148                                    97  **					}
00008148                                    98  **				}
00008148                                    99  ** 		else{					// ovvero se possesso è di C
00008148                                   100  **			// Niente per B perche il possesso non era suo o libero ma sblocco lock e controllo se C si è sospeso mentre era bloccato
00008148                                   101  **			lock = 0
00008148                                   102  **			if(C sospeso ){
00008148                                   103  **				possesso = 2
00008148                                   104  **				if(Fase=2 && caratteriC=0){
00008148                                   105  **					prefixC=datoPIAC
00008148                                   106  **				}	
00008148                                   107  **				messC+offsetC = datoPIAC
00008148                                   108  **				offsetC++
00008148                                   109  **				caratC++	
00008148                                   110  **			}
00008148                                   111  **			exit
00008148                                   112  **	else{						//ovvero se il lock non è libero (=1) 
00008148                                   113  **		 exit
00008148                                   114  **	}
00008148                                   115  ******************************************************
00008600                                   116  	ORG	$8600
00008600  48E7 FFE0                        117  INTB	MOVEM.L	D0-D7/A0-A2,-(A7)		; Move Multipla per fare push su stack dei registri
00008604                                   118  	
00008604  1039 00008109                    119  	MOVE.B	FASE,D0
0000860A  B03C 0000                        120  	CMP.B	#0,D0
0000860E  6700 020C                        121  	BEQ		EOI
00008612                                   122  
00008612                                   123  	
00008612  41F9 00008000                    124  	LEA	MSGB,A0
00008618  43F9 0000810B                    125  	LEA	SEM,A1
0000861E  247C 00002004                    126  	MOVEA.L	#PIADAB,A2
00008624  1239 00008100                    127  	MOVE.B	IDXB,D1
0000862A  1439 00008102                    128  	MOVE.B	CB,D2
00008630  1639 00008106                    129  	MOVE.B	ENDB,D3
00008636  1839 0000810A                    130  	MOVE.B	POS,D4
0000863C  1A39 00008108                    131  	MOVE.B	K,D5
00008642                                   132  
00008642  4AD1                             133  	TAS	(A1)	
00008644  6600 01D6                        134  	BNE	EOI
00008648                                   135  
00008648  B83C 0002                        136  	CMP.B		#2,D4
0000864C  6700 00E2                        137  	BEQ	NP
00008650  B63C 0001                        138  	CMP.B		#1,D3
00008654  6700 00DA                        139  	BEQ	NP
00008658                                   140  
00008658                                   141  
00008658  13FC 0001 0000810A               142  	MOVE.B	#1,POS	; Metto Possesso a 1 -> B
00008660  12BC 0000                        143  	MOVE.B	#0,(A1)		; Sblocco Lock
00008664                                   144  
00008664  B03C 0002                        145  	CMP.B		#2,D0
00008668  6600 0010                        146  	BNE	NOPRE
0000866C  B43C 0000                        147  	CMP.B		#0,D2
00008670  6600 0008                        148  	BNE	NOPRE
00008674  13D2 00008104                    149  	MOVE.B	(A2),PFXB
0000867A                                   150  
0000867A  1192 1000                        151  NOPRE	MOVE.B	(A2),(A0,D1)
0000867E  5202                             152  	ADDI.B		#1,D2
00008680  5201                             153  	ADDI.B		#1,D1
00008682  13C2 00008102                    154  	MOVE.B	D2,CB
00008688  13C1 00008100                    155  	MOVE.B	D1,IDXB
0000868E                                   156  
0000868E  B47C 0004                        157  	CMP.W	#N,D2
00008692  6600 0188                        158  	BNE	EOI
00008696  163C 0001                        159  	MOVE.B	#1,D3
0000869A  13C3 00008106                    160  	MOVE.B	D3,ENDB
000086A0                                   161  
000086A0  1639 00008107                    162  	MOVE.B	ENDC,D3	
000086A6  B63C 0001                        163  	CMP.B		#1,D3
000086AA  6600 0060                        164  	BNE	NY
000086AE  13FC 0000 00008102               165  	MOVE.B	#0,CB
000086B6  13FC 0000 00008106               166  	MOVE.B	#0,ENDB
000086BE  13FC 0000 00008107               167  	MOVE.B	#0,ENDC
000086C6  13FC 0000 00008103               168  	MOVE.B	#0,CC
000086CE                                   169  	
000086CE  B03C 0001                        170  	CMP.B		#1,D0
000086D2  6600 001C                        171  	BNE	CH2
000086D6  5205                             172  	ADDI.B		#1,D5
000086D8  BA3C 0003                        173  	CMP.B		#TOTK,D5
000086DC  6600 000C                        174  	BNE	NOF
000086E0  103C 0002                        175  	MOVE.B	#2,D0
000086E4  13C0 00008109                    176  	MOVE.B	D0,FASE
000086EA  4EF9 0000870C                    177  NOF	JMP	NY
000086F0                                   178  
000086F0  1C39 00008104                    179  CH2	MOVE.B	PFXB,D6
000086F6  1E39 00008105                    180  	MOVE.B	PFXC,D7
000086FC  BE06                             181  	CMP.B		D6,D7
000086FE  6600 000C                        182  	BNE	NY
00008702  103C 0000                        183  	MOVE.B	#0,D0
00008706  13C0 00008109                    184  	MOVE.B	D0,FASE	
0000870C                                   185  
0000870C                                   186  
0000870C  B03C 0000                        187  NY	CMP.B		#0,D0
00008710  6700 010A                        188  	BEQ	EOI
00008714  1239 0000810D                    189  	MOVE.B	SOSC,D1
0000871A  B23C 0001                        190  	CMP.B		#1,D1
0000871E  6700 0026                        191  	BEQ	LC
00008722  13FC 0000 0000810A               192  	MOVE.B	#0,POS
0000872A  4EF9 0000881C                    193  	JMP	EOI
00008730                                   194  
00008730  13FC 0000 0000810A               195  NP	MOVE.B	#0,POS
00008738  1239 0000810D                    196  	MOVE.B	SOSC,D1
0000873E  B23C 0000                        197  	CMP.B		#0,D1
00008742  6700 00D8                        198  	BEQ	EOI
00008746                                   199  
00008746                                   200  
00008746                                   201  
00008746  13FC 0002 0000810A               202  LC	MOVE.B	#2,POS
0000874E  207C 00008080                    203  	MOVEA.L	#MSGC,A0
00008754  1239 00008101                    204  	MOVE.B	IDXC,D1
0000875A  1439 00008103                    205  	MOVE.B	CC,D2
00008760                                   206  
00008760  B03C 0002                        207  	CMP.B		#2,D0
00008764  6600 0010                        208  	BNE	NOPC
00008768  B43C 0000                        209  	CMP.B		#0,D2
0000876C  6600 0008                        210  	BNE	NOPC
00008770  13D2 00008105                    211  	MOVE.B	(A2),PFXC
00008776                                   212  	
00008776                                   213  	
00008776  1192 1000                        214  NOPC	MOVE.B	(A2),(A0,D1)
0000877A  5202                             215  	ADDI.B		#1,D2
0000877C  5201                             216  	ADDI.B		#1,D1
0000877E  13C2 00008103                    217  	MOVE.B	D2,CC
00008784  13C1 00008101                    218  	MOVE.B	D1,IDXC
0000878A                                   219  
0000878A                                   220  
0000878A  B43C 0004                        221  	CMP.B		#N,D2
0000878E  6600 008C                        222  	BNE	EOI
00008792  1639 00008107                    223  	MOVE.B	ENDC,D3
00008798  163C 0001                        224  	MOVE.B	#1,D3
0000879C  13C3 00008107                    225  	MOVE.B	D3,ENDC
000087A2  13FC 0000 00008103               226  	MOVE.B	#0,CC
000087AA                                   227  	
000087AA  1639 00008106                    228  	MOVE.B	ENDB,D3
000087B0  B63C 0001                        229  	CMP.B		#1,D3
000087B4  6600 0066                        230  	BNE	EOI
000087B8  13FC 0000 00008106               231  	MOVE.B	#0,ENDB
000087C0  13FC 0000 00008107               232  	MOVE.B	#0,ENDC
000087C8  13FC 0000 00008103               233  	MOVE.B	#0,CC
000087D0  13FC 0000 00008102               234  	MOVE.B	#0,CB
000087D8                                   235  
000087D8  B03C 0001                        236  	CMP.B		#1,D0
000087DC  6600 001C                        237  	BNE	CH21
000087E0  5205                             238  	ADDI.B		#1,D5
000087E2  BA3C 0003                        239  	CMP.B		#TOTK,D5
000087E6  6600 000C                        240  	BNE	NOF1
000087EA  103C 0002                        241  	MOVE.B	#2,D0
000087EE  13C0 00008109                    242  	MOVE.B	D0,FASE
000087F4  4EF9 0000881C                    243  NOF1	JMP	EOI
000087FA                                   244  
000087FA  1C39 00008104                    245  CH21	MOVE.B	PFXB,D6
00008800  1E39 00008105                    246  	MOVE.B	PFXC,D7
00008806  BE06                             247  	CMP.B		D6,D7
00008808  6600 0012                        248  	BNE	EOI
0000880C  103C 0000                        249  	MOVE.B	#0,D0
00008810  13C0 00008109                    250  	MOVE.B	D0,FASE	
00008816  4EF9 0000881C                    251  	JMP	EOI
0000881C                                   252  
0000881C  4CDF 073F                        253  EOI	MOVEM.L	(A7)+,D0-D5/A0-A2
00008820                                   254  
00008820  4E73                             255  	RTE
00008822                                   256  ****************************************************************
00008822                                   257  * Interruzione relativa a recezione caratteri da C
00008822                                   258  *****************************************************
00008822                                   259  ** PseudoCodice:
00008822                                   260  ** 
00008822                                   261  ** Duale a quello per l'interruzione da B, con le stesse tipologie di conflitti, ma relativa a C
00008822                                   262  ******************************************************
00008800                                   263  	ORG	$8800
00008800  48E7 FFE0                        264  INTC	MOVEM.L	D0-D7/A0-A2,-(A7)		; Move Multipla per fare push su stack dei registri
00008804                                   265  	
00008804  1039 00008109                    266  	MOVE.B	FASE,D0
0000880A  B03C 0000                        267  	CMP.B		#0,D0
0000880E  6700 020C                        268  	BEQ		EOI2
00008812                                   269  
00008812                                   270  	
00008812  41F9 00008080                    271  	LEA	MSGC,A0
00008818  43F9 0000810B                    272  	LEA	SEM,A1
0000881E  247C 00002008                    273  	MOVEA.L	#PIADAC,A2
00008824  1239 00008101                    274  	MOVE.B	IDXC,D1
0000882A  1439 00008103                    275  	MOVE.B	CC,D2
00008830  1639 00008107                    276  	MOVE.B	ENDC,D3
00008836  1839 0000810A                    277  	MOVE.B	POS,D4
0000883C  1A39 00008108                    278  	MOVE.B	K,D5
00008842                                   279  
00008842  4AD1                             280  	TAS	(A1)	
00008844  6600 01D6                        281  	BNE	EOI2
00008848                                   282  
00008848  B83C 0001                        283  	CMP.B		#1,D4
0000884C  6700 00E2                        284  	BEQ	NP2
00008850  B63C 0001                        285  	CMP.B		#1,D3
00008854  6700 00DA                        286  	BEQ	NP2
00008858                                   287  
00008858                                   288  
00008858  13FC 0002 0000810A               289  	MOVE.B	#2,POS	; Metto Possesso a 2 -> C
00008860  12BC 0000                        290  	MOVE.B	#0,(A1)		; Sblocco Lock
00008864                                   291  
00008864  B03C 0002                        292  	CMP.B		#2,D0
00008868  6600 0010                        293  	BNE	NOPRE2
0000886C  B43C 0000                        294  	CMP.B		#0,D2
00008870  6600 0008                        295  	BNE	NOPRE2
00008874  13D2 00008105                    296  	MOVE.B	(A2),PFXC
0000887A                                   297  
0000887A  1192 1000                        298  NOPRE2	MOVE.B	(A2),(A0,D1)
0000887E  5202                             299  	ADDI.B		#1,D2
00008880  5201                             300  	ADDI.B		#1,D1
00008882  13C2 00008103                    301  	MOVE.B	D2,CC
00008888  13C1 00008101                    302  	MOVE.B	D1,IDXC
0000888E                                   303  
0000888E  B47C 0004                        304  	CMP.W	#N,D2
00008892  6600 0188                        305  	BNE	EOI2
00008896  163C 0001                        306  	MOVE.B	#1,D3
0000889A  13C3 00008107                    307  	MOVE.B	D3,ENDC
000088A0                                   308  
000088A0  1639 00008106                    309  	MOVE.B	ENDB,D3	
000088A6  B63C 0001                        310  	CMP.B		#1,D3
000088AA  6600 0060                        311  	BNE	NY2
000088AE  13FC 0000 00008102               312  	MOVE.B	#0,CB
000088B6  13FC 0000 00008106               313  	MOVE.B	#0,ENDB
000088BE  13FC 0000 00008107               314  	MOVE.B	#0,ENDC
000088C6  13FC 0000 00008103               315  	MOVE.B	#0,CC
000088CE                                   316  	
000088CE  B03C 0001                        317  	CMP.B		#1,D0
000088D2  6600 001C                        318  	BNE	CH3
000088D6  5205                             319  	ADDI.B		#1,D5
000088D8  BA3C 0003                        320  	CMP.B		#TOTK,D5
000088DC  6600 000C                        321  	BNE	NOF2
000088E0  103C 0002                        322  	MOVE.B	#2,D0
000088E4  13C0 00008109                    323  	MOVE.B	D0,FASE
000088EA  4EF9 0000890C                    324  NOF2	JMP	NY2
000088F0                                   325  
000088F0  1C39 00008104                    326  CH3	MOVE.B	PFXB,D6
000088F6  1E39 00008105                    327  	MOVE.B	PFXC,D7
000088FC  BE06                             328  	CMP.B		D6,D7
000088FE  6600 000C                        329  	BNE	NY2
00008902  103C 0000                        330  	MOVE.B	#0,D0
00008906  13C0 00008109                    331  	MOVE.B	D0,FASE	
0000890C                                   332  
0000890C                                   333  
0000890C  B03C 0000                        334  NY2	CMP.B		#0,D0
00008910  6700 010A                        335  	BEQ	EOI2
00008914  1239 0000810C                    336  	MOVE.B	SOSB,D1
0000891A  B23C 0001                        337  	CMP.B		#1,D1
0000891E  6700 0026                        338  	BEQ	LB
00008922  13FC 0000 0000810A               339  	MOVE.B	#0,POS
0000892A  4EF9 00008A1C                    340  	JMP	EOI2
00008930                                   341  
00008930  13FC 0000 0000810A               342  NP2	MOVE.B	#0,POS
00008938  1239 0000810C                    343  	MOVE.B	SOSB,D1
0000893E  B23C 0000                        344  	CMP.B		#0,D1
00008942  6700 00D8                        345  	BEQ	EOI2
00008946                                   346  
00008946                                   347  
00008946                                   348  
00008946  13FC 0001 0000810A               349  LB	MOVE.B	#1,POS
0000894E  207C 00008000                    350  	MOVEA.L	#MSGB,A0
00008954  1239 00008100                    351  	MOVE.B	IDXB,D1
0000895A  1439 00008102                    352  	MOVE.B	CB,D2
00008960                                   353  
00008960  B03C 0002                        354  	CMP.B		#2,D0
00008964  6600 0010                        355  	BNE	NOPC2
00008968  B43C 0000                        356  	CMP.B		#0,D2
0000896C  6600 0008                        357  	BNE	NOPC2
00008970  13D2 00008104                    358  	MOVE.B	(A2),PFXB
00008976                                   359  	
00008976                                   360  	
00008976  1192 1000                        361  NOPC2	MOVE.B	(A2),(A0,D1)
0000897A  5202                             362  	ADDI.B		#1,D2
0000897C  5201                             363  	ADDI.B		#1,D1
0000897E  13C2 00008102                    364  	MOVE.B	D2,CB
00008984  13C1 00008100                    365  	MOVE.B	D1,IDXB
0000898A                                   366  
0000898A                                   367  
0000898A  B43C 0004                        368  	CMP.B		#N,D2
0000898E  6600 008C                        369  	BNE	EOI2
00008992  1639 00008106                    370  	MOVE.B	ENDB,D3
00008998  163C 0001                        371  	MOVE.B	#1,D3
0000899C  13C3 00008106                    372  	MOVE.B	D3,ENDB
000089A2  13FC 0000 00008102               373  	MOVE.B	#0,CB
000089AA                                   374  	
000089AA  1639 00008107                    375  	MOVE.B	ENDC,D3
000089B0  B63C 0001                        376  	CMP.B		#1,D3
000089B4  6600 0066                        377  	BNE	EOI2
000089B8  13FC 0000 00008106               378  	MOVE.B	#0,ENDB
000089C0  13FC 0000 00008107               379  	MOVE.B	#0,ENDC
000089C8  13FC 0000 00008103               380  	MOVE.B	#0,CC
000089D0  13FC 0000 00008102               381  	MOVE.B	#0,CB
000089D8                                   382  
000089D8  B03C 0001                        383  	CMP.B		#1,D0
000089DC  6600 001C                        384  	BNE	CH22
000089E0  5205                             385  	ADDI.B		#1,D5
000089E2  BA3C 0003                        386  	CMP.B		#TOTK,D5
000089E6  6600 000C                        387  	BNE	NOF3
000089EA  103C 0002                        388  	MOVE.B	#2,D0
000089EE  13C0 00008109                    389  	MOVE.B	D0,FASE
000089F4  4EF9 00008A1C                    390  NOF3	JMP	EOI2
000089FA                                   391  
000089FA  1C39 00008104                    392  CH22	MOVE.B	PFXB,D6
00008A00  1E39 00008105                    393  	MOVE.B	PFXC,D7
00008A06  BE06                             394  	CMP.B		D6,D7
00008A08  6600 0012                        395  	BNE	EOI2
00008A0C  103C 0000                        396  	MOVE.B	#0,D0
00008A10  13C0 00008109                    397  	MOVE.B	D0,FASE	
00008A16  4EF9 00008A1C                    398  	JMP	EOI2
00008A1C                                   399  
00008A1C  4CDF 073F                        400  EOI2	MOVEM.L	(A7)+,D0-D5/A0-A2
00008A20                                   401  
00008A20  4E73                             402  	RTE
00008A22                                   403  
00008A22                                   404  ********************************************************************
00008A22                                   405  	END	MAIN

No errors detected
No warnings generated
