00000000                                     1  ******************************************************
00000000                                     2  *	Sistema C - Trasmettitore
00000000                                     3  ******************************************************
00008000                                     4  	ORG	$8000
00008000  00                                 5  KEEP	DC.B	0		;Utilizzata per bloccare/sbloccare l'invio in fase di testing
00008001  01 02 03 04                        6  MSG	DC.B	1,2,3,4
00008005  01                                 7  IDX	DC.B	1
00008006  =00002006                          8  PIADB	EQU	$2006
00008006  =00002007                          9  PIACB	EQU	$2007
00008006  =00000004                         10  N	EQU 	4
00008006                                    11  
00008006                                    12  
00008006                                    13  *************************************************************
00008100                                    14  	ORG	$8100
00008100  4EB9 00008124                     15  MAIN	JSR		DVOUT		;Inizializzazione della PIA
00008106  40C0                              16  	MOVE.W	SR,D0
00008108  0240 D8FF                         17  	ANDI.W	#$D8FF,D0	;Smaschera interruzioni 
0000810C  46C0                              18  	MOVE.W	D0,SR
0000810E                                    19  	
0000810E  227C 00008001                     20  	MOVEA.L	#MSG,A1
00008114  207C 00002006                     21  	MOVEA.L	#PIADB,A0
0000811A  1211                              22  	MOVE.B	(A1),D1		; Lettura Fittizia
0000811C  1091                              23  	MOVE.B	(A1),(A0)	; Scrittura
0000811E                                    24  
0000811E                                    25  
0000811E                                    26  *********************************************
0000811E  4EF9 0000811E                     27  LOOP	JMP	LOOP
00008124                                    28  *********************************************
00008124  11FC 0000 2007                    29  DVOUT		MOVE.B	#0,PIACB
0000812A  11FC 00FF 2006                    30  		MOVE.B	#$FF,PIADB
00008130  11FC 0025 2007                    31  		MOVE.B	#%00100101,PIACB
00008136  4E75                              32  		RTS
00008138                                    33  *********************************************************
00008700                                    34  	ORG	$8700
00008700  48E7 E0C0                         35  INT	MOVEM.L	D0-D2/A0-A1,-(A7)
00008704                                    36  
00008704  207C 00002006                     37  	MOVEA.L	#PIADB,A0
0000870A  227C 00008001                     38  	MOVEA.L	#MSG,A1
00008710  1039 00008005                     39  	MOVE.B	IDX,D0
00008716                                    40  	
00008716  1439 00008000                     41  LOKE	MOVE.B	KEEP,D2
0000871C  B43C 0001                         42  	CMP.B		#1,D2
00008720  67F4                              43  	BEQ	LOKE
00008722                                    44  
00008722  B03C 0004                         45  	CMP.B		#N,D0
00008726  6600 0006                         46  	BNE	SEND
0000872A  103C 0000                         47  	MOVE.B	#0,D0
0000872E                                    48  
0000872E  1211                              49  SEND	MOVE.B	(A1),D1		; Lettura Fittizia
00008730  10B1 0000                         50  	MOVE.B	(A1,D0),(A0)	; Scrittura
00008734  5200                              51  	ADDI.B		#1,D0		; Incremento contatore e aggiorno in memoria
00008736  13C0 00008005                     52  	MOVE.B	D0,IDX
0000873C                                    53  
0000873C  4CDF 0307                         54  FIN	MOVEM.L	(A7)+,D0-D2/A0-A1
00008740  4E73                              55  	RTE
00008742                                    56  
00008742                                    57  *****************************************************
00008742                                    58  	END	MAIN

No errors detected
No warnings generated
