00000000  =00000002                          1  RIG	EQU	2
00000000  =00000003                          2  COL	EQU 	3
00000000                                     3  
00008000                                     4  	ORG	$8000
00008000  01 04 03 04 02 06                  5  MAT	DC.B	1,4,3,4,2,6
00008006                                     6  MIN	DS.B	1
00008007                                     7  MAX	DS.B	1
00008008                                     8  
00009000                                     9  	ORG	$9000
00009000  4240                              10  MAS:			CLR.W		D0
00009002  4241                              11  			CLR.W		D1
00009004  4243                              12  			CLR.W		D3
00009006  206F 0004                         13  			MOVEA.L	4(SP),A0
0000900A  B07C 0002                         14  FORMAXR:		CMP	#RIG,D0		;Uso D0 per indice FOR Righe
0000900E  6C00 0024                         15  			BGE	FUORI	
00009012  B27C 0003                         16  FORMAXC:			CMP	#COL,D1	;Uso D1 per indice FOR Colonne
00009016  6C00 0016                         17  				BGE	CONTR
0000901A  B610                              18  					CMP.B		(A0),D3		
0000901C  6C00 0006                         19  					BGE	CONTC
00009020  1610                              20  						MOVE.B	(A0),D3
00009022  3800                              21  						MOVE.W	D0,D4		;Salvo in D4 indice riga massimo
00009024  5241                              22  CONTC:	ADD.W		#1,D1
00009026  D1FC 00000001                     23  		ADDA.L	#1,A0
0000902C  60E4                              24  		BRA	FORMAXC
0000902E                                    25  
0000902E  5240                              26  CONTR:	ADD.W		#1,D0
00009030  4241                              27  		CLR.W		D1	;Azzero D1 indice colonne
00009032  60D6                              28  		BRA	FORMAXR
00009034                                    29  FUORI:	
00009034  4E75                              30  	RTS
00009036                                    31  
00009036                                    32  
00009036  4240                              33  MINI:			CLR.W		D0
00009038  4241                              34  			CLR.W		D1
0000903A  1638 00FF                         35  			MOVE.B	$FF,D3		;Inizializzo D3 con il valore massimo che puo' esserci in un elemento della matrice
0000903E  206F 0004                         36  			MOVEA.L	4(SP),A0
00009042                                    37  
00009042                                    38  ;CONTINUA DA QUESTO PUNTO QUI
ERROR: Invalid opcode
00009042                                    39  
00009042                                    40  
00009042                                    41  BEGIN:	
00009042                                    42  	MOVEA.L	#MAT,-(SP)	;4 Byte
ERROR: Invalid addressing mode
00009042  4EB9 00009000                     43  	JSR	MAS
00009048  13C3 00008007                     44  	MOVE.B	D3,MAX
0000904E  4EB9 00009036                     45  	JSR	MINI
00009054  13C3 00008006                     46  	MOVE.B	D3,MIN
0000905A  DFFC 00000004                     47  	ADDA.L	#4,SP		;elimino da stack indirizzo matrice
00009060                                    48  
00009060                                    49  
00009060  4EF9 00009060                     50  LOOP	JMP	LOOP
00009066                                    51  
00009066                                    52  
00009066                                    53  
00009066                                    54  
00009066                                    55  	END BEGIN

2 errors detected
No warnings generated
