00000000                                     1  ******************************************************
00000000                                     2  *	Sistema B- Trasmettitore
00000000                                     3  ******************************************************
00008000                                     4  	ORG	$8000
00008000  01 02 03 04                        5  MSG	DC.B	1,2,3,4
00008004  00                                 6  IDX	DC.B	0
00008005  =000007D6                          7  PIADB	EQU	2006
00008005  =000007D7                          8  PIACB	EQU	2007
00008005  =00000004                          9  N	EQU 	4
00008005                                    10  
00008005                                    11  
00008005                                    12  *************************************************************
00008100                                    13  	ORG	$8100
00008100  4EB9 00008114                     14  MAIN	JSR		DVOUT		;Inizializzazione della PIA
00008106  40C0                              15  	MOVE.W	SR,D0
00008108  0240 D8FF                         16  	ANDI.W	#$D8FF,D0	;Smaschera interruzioni 
0000810C  46C0                              17  	MOVE.W	D0,SR
0000810E                                    18  
0000810E                                    19  
0000810E                                    20  *********************************************
0000810E  4EF9 0000810E                     21  LOOP	JMP	LOOP
00008114                                    22  *********************************************
00008114  11FC 0000 07D7                    23  DVOUT		MOVE.B	#0,PIACB
0000811A  11FC 00FF 07D6                    24  		MOVE.B	#$FF,PIADB
00008120  11FC 0025 07D7                    25  		MOVE.B	#%00100101,PIACB
00008126  4E75                              26  		RTS
00008128                                    27  *********************************************************
00008700                                    28  	ORG	$8700
00008700  2F00                              29  INT	MOVE.L	D0,-(A7)
00008702  2F01                              30  	MOVE.L	D1,-(A7)
00008704  2F08                              31  	MOVE.L	A0,-(A7)
00008706  2F09                              32  	MOVE.L	A1,-(A7)
00008708                                    33  
00008708  207C 000007D6                     34  	MOVEA.L	#PIADB,A0
0000870E  227C 00008000                     35  	MOVEA.L	#MSG,A1
00008714  1039 00008004                     36  	MOVE.B	IDX,D0
0000871A                                    37  
0000871A  B03C 0004                         38  	CMP.B		#N,D0
0000871E  6700 0010                         39  	BEQ	FIN
00008722                                    40  
00008722  1211                              41  	MOVE.B	(A1),D1		; Lettura Fittizia
00008724  10B1 0000                         42  	MOVE.B	(A1,D0),(A0)	; Lettura
00008728  5200                              43  	ADDI.B		#1,D0		; Incremento contatore e aggiorno
0000872A  13C0 00008004                     44  	MOVE.B	D0,IDX
00008730                                    45  
00008730  225F                              46  FIN	MOVE.L	(A7)+,A1
00008732  205F                              47  	MOVE.L	(A7)+,A0
00008734  221F                              48  	MOVE.L	(A7)+,D1
00008736  201F                              49  	MOVE.L	(A7)+,D0
00008738                                    50  
00008738  4E73                              51  	RTE

No errors detected
No warnings generated
